%!Adobe-FontList 1.20
%Locale:0x409

%BeginFont
Handler:DirectoryHandler
FontType:Type1
FontName:MinionPro-Regular
FamilyName:Minion Pro
StyleName:Regular
FullName:Minion Pro
MenuName:Minion Pro
StyleBits:0
WritingScript:Roman
OutlineFileName:C:\Users\Andrew\Downloads\wetransfer-60c8c2\TabCollab_website Folder\TabCollab_website Folder\Document fonts\MinionPro-Regular.otf
DataFormat:sfntData
UsesStandardEncoding:yes
isCFF:yes
hasSVG:no
VariableFontType:NonVariableFont
FileLength:218640
FileModTime:1541361102
WeightClass:400
WidthClass:5
AngleClass:0
DesignSize:110
NameArray:0,Mac,4,Minion Pro
NameArray:0,Win,1,Minion Pro
%EndFont

%BeginFont
Handler:DirectoryHandler
FontType:TrueType
FontName:Quantify
FamilyName:Quantify
StyleName:Regular
FullName:Quantify
MenuName:Quantify
StyleBits:0
WritingScript:Roman
OutlineFileName:C:\Users\Andrew\Downloads\wetransfer-60c8c2\TabCollab_website Folder\TabCollab_website Folder\Document fonts\Quantify.ttf
DataFormat:sfntData
hasSVG:no
VariableFontType:NonVariableFont
FileLength:65568
FileModTime:1541361102
WeightClass:400
WidthClass:5
AngleClass:0
NameArray:0,Mac,18,Quantify
NameArray:0,Mac,4,Quantify
NameArray:0,Win,1,Quantify
NameArray:0,Win,16,Quantify
%EndFont

